<?xml version="1.0" encoding="UTF-8"?>
<testng-results ignored="0" total="11" passed="9" failed="2" skipped="0">
  <reporter-output>
  </reporter-output>
  <suite started-at="2019-04-23T01:53:54Z" name="Smoke Test Suite" finished-at="2019-04-23T01:56:42Z" duration-ms="168098">
    <groups>
    </groups>
    <test started-at="2019-04-23T01:53:54Z" name="Smoke Test for Remember the Milk App" finished-at="2019-04-23T01:56:42Z" duration-ms="168098">
      <class name="com.pingidentity.TestRMLoginUsingTestNG">
        <test-method is-config="true" signature="beforeClass()[pri:0, instance:com.pingidentity.TestRMLoginUsingTestNG@c03cf28]" started-at="2019-04-22T21:53:54Z" name="beforeClass" finished-at="2019-04-22T21:53:59Z" duration-ms="5101" status="PASS">
          <reporter-output>
          </reporter-output>
        </test-method> <!-- beforeClass -->
        <test-method signature="testLoginPageLoaded()[pri:0, instance:com.pingidentity.TestRMLoginUsingTestNG@c03cf28]" started-at="2019-04-22T21:53:59Z" name="testLoginPageLoaded" finished-at="2019-04-22T21:54:00Z" duration-ms="48" status="PASS">
          <reporter-output>
          </reporter-output>
        </test-method> <!-- testLoginPageLoaded -->
        <test-method is-config="true" signature="afterClass()[pri:0, instance:com.pingidentity.TestRMLoginUsingTestNG@c03cf28]" started-at="2019-04-22T21:54:00Z" name="afterClass" finished-at="2019-04-22T21:54:02Z" duration-ms="2108" status="PASS">
          <reporter-output>
          </reporter-output>
        </test-method> <!-- afterClass -->
        <test-method is-config="true" signature="beforeClass()[pri:0, instance:com.pingidentity.TestRMLoginUsingTestNG@c03cf28]" started-at="2019-04-22T21:54:02Z" name="beforeClass" finished-at="2019-04-22T21:54:05Z" duration-ms="3514" status="PASS">
          <reporter-output>
          </reporter-output>
        </test-method> <!-- beforeClass -->
        <test-method signature="testLoginWithCredentials(java.lang.String, java.lang.String)[pri:1, instance:com.pingidentity.TestRMLoginUsingTestNG@c03cf28]" started-at="2019-04-22T21:54:05Z" name="testLoginWithCredentials" data-provider="loginCredentials" finished-at="2019-04-22T21:54:09Z" duration-ms="3965" status="PASS">
          <params>
            <param index="0">
              <value>
                <![CDATA[puneesh.singh]]>
              </value>
            </param>
            <param index="1">
              <value>
                <![CDATA[test1234]]>
              </value>
            </param>
          </params>
          <reporter-output>
          </reporter-output>
        </test-method> <!-- testLoginWithCredentials -->
        <test-method is-config="true" signature="afterClass()[pri:0, instance:com.pingidentity.TestRMLoginUsingTestNG@c03cf28]" started-at="2019-04-22T21:54:09Z" name="afterClass" finished-at="2019-04-22T21:54:12Z" duration-ms="2223" status="PASS">
          <reporter-output>
          </reporter-output>
        </test-method> <!-- afterClass -->
        <test-method is-config="true" signature="beforeClass()[pri:0, instance:com.pingidentity.TestRMLoginUsingTestNG@c03cf28]" started-at="2019-04-22T21:54:12Z" name="beforeClass" finished-at="2019-04-22T21:54:15Z" duration-ms="3452" status="PASS">
          <reporter-output>
          </reporter-output>
        </test-method> <!-- beforeClass -->
        <test-method signature="testCreateNewTask(java.lang.String, java.lang.String, java.lang.String, java.lang.String)[pri:2, instance:com.pingidentity.TestRMLoginUsingTestNG@c03cf28]" started-at="2019-04-22T21:54:15Z" name="testCreateNewTask" data-provider="loginCredentials" finished-at="2019-04-22T21:54:22Z" duration-ms="6876" status="PASS">
          <params>
            <param index="0">
              <value>
                <![CDATA[puneesh.singh]]>
              </value>
            </param>
            <param index="1">
              <value>
                <![CDATA[test1234]]>
              </value>
            </param>
            <param index="2">
              <value>
                <![CDATA[This is My FIRST TASK]]>
              </value>
            </param>
            <param index="3">
              <value>
                <![CDATA[Good Evening!]]>
              </value>
            </param>
          </params>
          <reporter-output>
          </reporter-output>
        </test-method> <!-- testCreateNewTask -->
        <test-method is-config="true" signature="afterClass()[pri:0, instance:com.pingidentity.TestRMLoginUsingTestNG@c03cf28]" started-at="2019-04-22T21:54:22Z" name="afterClass" finished-at="2019-04-22T21:54:24Z" duration-ms="2245" status="PASS">
          <reporter-output>
          </reporter-output>
        </test-method> <!-- afterClass -->
        <test-method is-config="true" signature="beforeClass()[pri:0, instance:com.pingidentity.TestRMLoginUsingTestNG@c03cf28]" started-at="2019-04-22T21:54:24Z" name="beforeClass" finished-at="2019-04-22T21:54:28Z" duration-ms="3538" status="PASS">
          <reporter-output>
          </reporter-output>
        </test-method> <!-- beforeClass -->
        <test-method signature="testCreateNewTask(java.lang.String, java.lang.String, java.lang.String, java.lang.String)[pri:2, instance:com.pingidentity.TestRMLoginUsingTestNG@c03cf28]" started-at="2019-04-22T21:54:28Z" name="testCreateNewTask" data-provider="loginCredentials" finished-at="2019-04-22T21:54:35Z" duration-ms="6872" status="PASS">
          <params>
            <param index="0">
              <value>
                <![CDATA[puneesh.singh]]>
              </value>
            </param>
            <param index="1">
              <value>
                <![CDATA[test1234]]>
              </value>
            </param>
            <param index="2">
              <value>
                <![CDATA[This is My SECOND TASK]]>
              </value>
            </param>
            <param index="3">
              <value>
                <![CDATA[Good Evening!]]>
              </value>
            </param>
          </params>
          <reporter-output>
          </reporter-output>
        </test-method> <!-- testCreateNewTask -->
        <test-method is-config="true" signature="afterClass()[pri:0, instance:com.pingidentity.TestRMLoginUsingTestNG@c03cf28]" started-at="2019-04-22T21:54:35Z" name="afterClass" finished-at="2019-04-22T21:54:37Z" duration-ms="2201" status="PASS">
          <reporter-output>
          </reporter-output>
        </test-method> <!-- afterClass -->
        <test-method is-config="true" signature="beforeClass()[pri:0, instance:com.pingidentity.TestRMLoginUsingTestNG@c03cf28]" started-at="2019-04-22T21:54:37Z" name="beforeClass" finished-at="2019-04-22T21:54:41Z" duration-ms="3729" status="PASS">
          <reporter-output>
          </reporter-output>
        </test-method> <!-- beforeClass -->
        <test-method signature="testCreateNewTask(java.lang.String, java.lang.String, java.lang.String, java.lang.String)[pri:2, instance:com.pingidentity.TestRMLoginUsingTestNG@c03cf28]" started-at="2019-04-22T21:54:41Z" name="testCreateNewTask" data-provider="loginCredentials" finished-at="2019-04-22T21:54:48Z" duration-ms="7044" status="PASS">
          <params>
            <param index="0">
              <value>
                <![CDATA[puneesh.singh]]>
              </value>
            </param>
            <param index="1">
              <value>
                <![CDATA[test1234]]>
              </value>
            </param>
            <param index="2">
              <value>
                <![CDATA[This is My THIRD TASK]]>
              </value>
            </param>
            <param index="3">
              <value>
                <![CDATA[Good Evening!]]>
              </value>
            </param>
          </params>
          <reporter-output>
          </reporter-output>
        </test-method> <!-- testCreateNewTask -->
        <test-method is-config="true" signature="afterClass()[pri:0, instance:com.pingidentity.TestRMLoginUsingTestNG@c03cf28]" started-at="2019-04-22T21:54:48Z" name="afterClass" finished-at="2019-04-22T21:54:50Z" duration-ms="2218" status="PASS">
          <reporter-output>
          </reporter-output>
        </test-method> <!-- afterClass -->
        <test-method is-config="true" signature="beforeClass()[pri:0, instance:com.pingidentity.TestRMLoginUsingTestNG@c03cf28]" started-at="2019-04-22T21:54:50Z" name="beforeClass" finished-at="2019-04-22T21:54:53Z" duration-ms="3483" status="PASS">
          <reporter-output>
          </reporter-output>
        </test-method> <!-- beforeClass -->
        <test-method signature="testUpdateTaskName(java.lang.String, java.lang.String, java.lang.String, java.lang.String)[pri:3, instance:com.pingidentity.TestRMLoginUsingTestNG@c03cf28]" started-at="2019-04-22T21:54:53Z" name="testUpdateTaskName" data-provider="loginCredentials" finished-at="2019-04-22T21:55:00Z" duration-ms="6892" status="PASS">
          <params>
            <param index="0">
              <value>
                <![CDATA[puneesh.singh]]>
              </value>
            </param>
            <param index="1">
              <value>
                <![CDATA[test1234]]>
              </value>
            </param>
            <param index="2">
              <value>
                <![CDATA[This is My FIRST TASK]]>
              </value>
            </param>
            <param index="3">
              <value>
                <![CDATA[Good Evening!]]>
              </value>
            </param>
          </params>
          <reporter-output>
          </reporter-output>
        </test-method> <!-- testUpdateTaskName -->
        <test-method is-config="true" signature="afterClass()[pri:0, instance:com.pingidentity.TestRMLoginUsingTestNG@c03cf28]" started-at="2019-04-22T21:55:00Z" name="afterClass" finished-at="2019-04-22T21:55:02Z" duration-ms="2211" status="PASS">
          <reporter-output>
          </reporter-output>
        </test-method> <!-- afterClass -->
        <test-method is-config="true" signature="beforeClass()[pri:0, instance:com.pingidentity.TestRMLoginUsingTestNG@c03cf28]" started-at="2019-04-22T21:55:02Z" name="beforeClass" finished-at="2019-04-22T21:55:06Z" duration-ms="3549" status="PASS">
          <reporter-output>
          </reporter-output>
        </test-method> <!-- beforeClass -->
        <test-method signature="testUpdateTaskName(java.lang.String, java.lang.String, java.lang.String, java.lang.String)[pri:3, instance:com.pingidentity.TestRMLoginUsingTestNG@c03cf28]" started-at="2019-04-22T21:55:06Z" name="testUpdateTaskName" data-provider="loginCredentials" finished-at="2019-04-22T21:55:14Z" duration-ms="8445" status="PASS">
          <params>
            <param index="0">
              <value>
                <![CDATA[puneesh.singh]]>
              </value>
            </param>
            <param index="1">
              <value>
                <![CDATA[test1234]]>
              </value>
            </param>
            <param index="2">
              <value>
                <![CDATA[This is My SECOND TASK]]>
              </value>
            </param>
            <param index="3">
              <value>
                <![CDATA[Good Evening!]]>
              </value>
            </param>
          </params>
          <reporter-output>
          </reporter-output>
        </test-method> <!-- testUpdateTaskName -->
        <test-method is-config="true" signature="afterClass()[pri:0, instance:com.pingidentity.TestRMLoginUsingTestNG@c03cf28]" started-at="2019-04-22T21:55:14Z" name="afterClass" finished-at="2019-04-22T21:55:17Z" duration-ms="2212" status="PASS">
          <reporter-output>
          </reporter-output>
        </test-method> <!-- afterClass -->
        <test-method is-config="true" signature="beforeClass()[pri:0, instance:com.pingidentity.TestRMLoginUsingTestNG@c03cf28]" started-at="2019-04-22T21:55:17Z" name="beforeClass" finished-at="2019-04-22T21:55:20Z" duration-ms="3772" status="PASS">
          <reporter-output>
          </reporter-output>
        </test-method> <!-- beforeClass -->
        <test-method signature="testUpdateTaskName(java.lang.String, java.lang.String, java.lang.String, java.lang.String)[pri:3, instance:com.pingidentity.TestRMLoginUsingTestNG@c03cf28]" started-at="2019-04-22T21:55:20Z" name="testUpdateTaskName" data-provider="loginCredentials" finished-at="2019-04-22T21:55:27Z" duration-ms="6182" status="PASS">
          <params>
            <param index="0">
              <value>
                <![CDATA[puneesh.singh]]>
              </value>
            </param>
            <param index="1">
              <value>
                <![CDATA[test1234]]>
              </value>
            </param>
            <param index="2">
              <value>
                <![CDATA[This is My THIRD TASK]]>
              </value>
            </param>
            <param index="3">
              <value>
                <![CDATA[Good Evening!]]>
              </value>
            </param>
          </params>
          <reporter-output>
          </reporter-output>
        </test-method> <!-- testUpdateTaskName -->
        <test-method is-config="true" signature="afterClass()[pri:0, instance:com.pingidentity.TestRMLoginUsingTestNG@c03cf28]" started-at="2019-04-22T21:55:27Z" name="afterClass" finished-at="2019-04-22T21:55:29Z" duration-ms="2206" status="PASS">
          <reporter-output>
          </reporter-output>
        </test-method> <!-- afterClass -->
        <test-method is-config="true" signature="beforeClass()[pri:0, instance:com.pingidentity.TestRMLoginUsingTestNG@c03cf28]" started-at="2019-04-22T21:55:29Z" name="beforeClass" finished-at="2019-04-22T21:55:33Z" duration-ms="3671" status="PASS">
          <reporter-output>
          </reporter-output>
        </test-method> <!-- beforeClass -->
        <test-method signature="testDeleteTaskToTrash(java.lang.String, java.lang.String, java.lang.String, java.lang.String)[pri:4, instance:com.pingidentity.TestRMLoginUsingTestNG@c03cf28]" started-at="2019-04-22T21:55:33Z" name="testDeleteTaskToTrash" data-provider="loginCredentials" finished-at="2019-04-22T21:55:41Z" duration-ms="7972" status="PASS">
          <params>
            <param index="0">
              <value>
                <![CDATA[puneesh.singh]]>
              </value>
            </param>
            <param index="1">
              <value>
                <![CDATA[test1234]]>
              </value>
            </param>
            <param index="2">
              <value>
                <![CDATA[This is My FIRST TASK]]>
              </value>
            </param>
            <param index="3">
              <value>
                <![CDATA[Good Evening!]]>
              </value>
            </param>
          </params>
          <reporter-output>
          </reporter-output>
        </test-method> <!-- testDeleteTaskToTrash -->
        <test-method is-config="true" signature="afterClass()[pri:0, instance:com.pingidentity.TestRMLoginUsingTestNG@c03cf28]" started-at="2019-04-22T21:55:41Z" name="afterClass" finished-at="2019-04-22T21:55:43Z" duration-ms="2214" status="PASS">
          <reporter-output>
          </reporter-output>
        </test-method> <!-- afterClass -->
        <test-method is-config="true" signature="beforeClass()[pri:0, instance:com.pingidentity.TestRMLoginUsingTestNG@c03cf28]" started-at="2019-04-22T21:55:43Z" name="beforeClass" finished-at="2019-04-22T21:55:46Z" duration-ms="3650" status="PASS">
          <reporter-output>
          </reporter-output>
        </test-method> <!-- beforeClass -->
        <test-method signature="testDeleteTaskToTrash(java.lang.String, java.lang.String, java.lang.String, java.lang.String)[pri:4, instance:com.pingidentity.TestRMLoginUsingTestNG@c03cf28]" started-at="2019-04-22T21:55:46Z" name="testDeleteTaskToTrash" data-provider="loginCredentials" finished-at="2019-04-22T21:56:27Z" duration-ms="40858" status="FAIL">
          <params>
            <param index="0">
              <value>
                <![CDATA[puneesh.singh]]>
              </value>
            </param>
            <param index="1">
              <value>
                <![CDATA[test1234]]>
              </value>
            </param>
            <param index="2">
              <value>
                <![CDATA[This is My SECOND TASK]]>
              </value>
            </param>
            <param index="3">
              <value>
                <![CDATA[Good Evening!]]>
              </value>
            </param>
          </params>
          <exception class="java.lang.NullPointerException">
            <full-stacktrace>
              <![CDATA[java.lang.NullPointerException
	at com.pingidentity.TestRMLoginUsingTestNG.testDeleteTaskToTrash(TestRMLoginUsingTestNG.java:109)
	at java.base/jdk.internal.reflect.NativeMethodAccessorImpl.invoke0(Native Method)
	at java.base/jdk.internal.reflect.NativeMethodAccessorImpl.invoke(NativeMethodAccessorImpl.java:62)
	at java.base/jdk.internal.reflect.DelegatingMethodAccessorImpl.invoke(DelegatingMethodAccessorImpl.java:43)
	at java.base/java.lang.reflect.Method.invoke(Method.java:566)
	at org.testng.internal.MethodInvocationHelper.invokeMethod(MethodInvocationHelper.java:108)
	at org.testng.internal.Invoker.invokeMethod(Invoker.java:661)
	at org.testng.internal.Invoker.invokeTestMethod(Invoker.java:869)
	at org.testng.internal.Invoker.invokeTestMethods(Invoker.java:1193)
	at org.testng.internal.TestMethodWorker.invokeTestMethods(TestMethodWorker.java:126)
	at org.testng.internal.TestMethodWorker.run(TestMethodWorker.java:109)
	at org.testng.TestRunner.privateRun(TestRunner.java:744)
	at org.testng.TestRunner.run(TestRunner.java:602)
	at org.testng.SuiteRunner.runTest(SuiteRunner.java:380)
	at org.testng.SuiteRunner.runSequentially(SuiteRunner.java:375)
	at org.testng.SuiteRunner.privateRun(SuiteRunner.java:340)
	at org.testng.SuiteRunner.run(SuiteRunner.java:289)
	at org.testng.SuiteRunnerWorker.runSuite(SuiteRunnerWorker.java:52)
	at org.testng.SuiteRunnerWorker.run(SuiteRunnerWorker.java:86)
	at org.testng.TestNG.runSuitesSequentially(TestNG.java:1301)
	at org.testng.TestNG.runSuitesLocally(TestNG.java:1226)
	at org.testng.TestNG.runSuites(TestNG.java:1144)
	at org.testng.TestNG.run(TestNG.java:1115)
	at org.testng.remote.AbstractRemoteTestNG.run(AbstractRemoteTestNG.java:114)
	at org.testng.remote.RemoteTestNG.initAndRun(RemoteTestNG.java:251)
	at org.testng.remote.RemoteTestNG.main(RemoteTestNG.java:77)
]]>
            </full-stacktrace>
          </exception> <!-- java.lang.NullPointerException -->
          <reporter-output>
          </reporter-output>
        </test-method> <!-- testDeleteTaskToTrash -->
        <test-method is-config="true" signature="afterClass()[pri:0, instance:com.pingidentity.TestRMLoginUsingTestNG@c03cf28]" started-at="2019-04-22T21:56:27Z" name="afterClass" finished-at="2019-04-22T21:56:29Z" duration-ms="2170" status="PASS">
          <reporter-output>
          </reporter-output>
        </test-method> <!-- afterClass -->
        <test-method is-config="true" signature="beforeClass()[pri:0, instance:com.pingidentity.TestRMLoginUsingTestNG@c03cf28]" started-at="2019-04-22T21:56:29Z" name="beforeClass" finished-at="2019-04-22T21:56:33Z" duration-ms="3768" status="PASS">
          <reporter-output>
          </reporter-output>
        </test-method> <!-- beforeClass -->
        <test-method signature="testDeleteTaskToTrash(java.lang.String, java.lang.String, java.lang.String, java.lang.String)[pri:4, instance:com.pingidentity.TestRMLoginUsingTestNG@c03cf28]" started-at="2019-04-22T21:56:33Z" name="testDeleteTaskToTrash" data-provider="loginCredentials" finished-at="2019-04-22T21:56:40Z" duration-ms="7071" status="FAIL">
          <params>
            <param index="0">
              <value>
                <![CDATA[puneesh.singh]]>
              </value>
            </param>
            <param index="1">
              <value>
                <![CDATA[test1234]]>
              </value>
            </param>
            <param index="2">
              <value>
                <![CDATA[This is My THIRD TASK]]>
              </value>
            </param>
            <param index="3">
              <value>
                <![CDATA[Good Evening!]]>
              </value>
            </param>
          </params>
          <exception class="org.openqa.selenium.WebDriverException">
            <message>
              <![CDATA[unknown error: Element <div class="Fj-an-Oj" title="..." style="user-select: none;">Inbox</div> is not clickable at point (98, 139). Other element would receive the click: <div class="b-Nr-tp">...</div>
  (Session info: chrome=73.0.3683.103)
  (Driver info: chromedriver=72.0.3626.69 (3c16f8a135abc0d4da2dff33804db79b849a7c38),platform=Mac OS X 10.14.4 x86_64) (WARNING: The server did not provide any stacktrace information)
Command duration or timeout: 0 milliseconds
Build info: version: '3.14.0', revision: 'aacccce0', time: '2018-08-02T20:19:58.91Z'
System info: host: 'HeavenOnEarths-MacBook-Air.local', ip: 'fe80:0:0:0:80d:13c3:97a2:c1f%en0', os.name: 'Mac OS X', os.arch: 'x86_64', os.version: '10.14.4', java.version: '11.0.2'
Driver info: org.openqa.selenium.chrome.ChromeDriver
Capabilities {acceptInsecureCerts: false, acceptSslCerts: false, applicationCacheEnabled: false, browserConnectionEnabled: false, browserName: chrome, chrome: {chromedriverVersion: 72.0.3626.69 (3c16f8a135abc..., userDataDir: /var/folders/zb/9b6j_dss71q...}, cssSelectorsEnabled: true, databaseEnabled: false, goog:chromeOptions: {debuggerAddress: localhost:64433}, handlesAlerts: true, hasTouchScreen: false, javascriptEnabled: true, locationContextEnabled: true, mobileEmulationEnabled: false, nativeEvents: true, networkConnectionEnabled: false, pageLoadStrategy: normal, platform: MAC, platformName: MAC, proxy: Proxy(), rotatable: false, setWindowRect: true, takesHeapSnapshot: true, takesScreenshot: true, timeouts: {implicit: 0, pageLoad: 300000, script: 30000}, unexpectedAlertBehaviour: ignore, unhandledPromptBehavior: ignore, version: 73.0.3683.103, webStorageEnabled: true}
Session ID: 2588803916a3d68e9d56d48ecb98a962]]>
            </message>
            <full-stacktrace>
              <![CDATA[org.openqa.selenium.WebDriverException: unknown error: Element <div class="Fj-an-Oj" title="..." style="user-select: none;">Inbox</div> is not clickable at point (98, 139). Other element would receive the click: <div class="b-Nr-tp">...</div>
  (Session info: chrome=73.0.3683.103)
  (Driver info: chromedriver=72.0.3626.69 (3c16f8a135abc0d4da2dff33804db79b849a7c38),platform=Mac OS X 10.14.4 x86_64) (WARNING: The server did not provide any stacktrace information)
Command duration or timeout: 0 milliseconds
Build info: version: '3.14.0', revision: 'aacccce0', time: '2018-08-02T20:19:58.91Z'
System info: host: 'HeavenOnEarths-MacBook-Air.local', ip: 'fe80:0:0:0:80d:13c3:97a2:c1f%en0', os.name: 'Mac OS X', os.arch: 'x86_64', os.version: '10.14.4', java.version: '11.0.2'
Driver info: org.openqa.selenium.chrome.ChromeDriver
Capabilities {acceptInsecureCerts: false, acceptSslCerts: false, applicationCacheEnabled: false, browserConnectionEnabled: false, browserName: chrome, chrome: {chromedriverVersion: 72.0.3626.69 (3c16f8a135abc..., userDataDir: /var/folders/zb/9b6j_dss71q...}, cssSelectorsEnabled: true, databaseEnabled: false, goog:chromeOptions: {debuggerAddress: localhost:64433}, handlesAlerts: true, hasTouchScreen: false, javascriptEnabled: true, locationContextEnabled: true, mobileEmulationEnabled: false, nativeEvents: true, networkConnectionEnabled: false, pageLoadStrategy: normal, platform: MAC, platformName: MAC, proxy: Proxy(), rotatable: false, setWindowRect: true, takesHeapSnapshot: true, takesScreenshot: true, timeouts: {implicit: 0, pageLoad: 300000, script: 30000}, unexpectedAlertBehaviour: ignore, unhandledPromptBehavior: ignore, version: 73.0.3683.103, webStorageEnabled: true}
Session ID: 2588803916a3d68e9d56d48ecb98a962
	at java.base/jdk.internal.reflect.NativeConstructorAccessorImpl.newInstance0(Native Method)
	at java.base/jdk.internal.reflect.NativeConstructorAccessorImpl.newInstance(NativeConstructorAccessorImpl.java:62)
	at java.base/jdk.internal.reflect.DelegatingConstructorAccessorImpl.newInstance(DelegatingConstructorAccessorImpl.java:45)
	at java.base/java.lang.reflect.Constructor.newInstance(Constructor.java:490)
	at org.openqa.selenium.remote.ErrorHandler.createThrowable(ErrorHandler.java:214)
	at org.openqa.selenium.remote.ErrorHandler.throwIfResponseFailed(ErrorHandler.java:166)
	at org.openqa.selenium.remote.http.JsonHttpResponseCodec.reconstructValue(JsonHttpResponseCodec.java:40)
	at org.openqa.selenium.remote.http.AbstractHttpResponseCodec.decode(AbstractHttpResponseCodec.java:80)
	at org.openqa.selenium.remote.http.AbstractHttpResponseCodec.decode(AbstractHttpResponseCodec.java:44)
	at org.openqa.selenium.remote.HttpCommandExecutor.execute(HttpCommandExecutor.java:158)
	at org.openqa.selenium.remote.service.DriverCommandExecutor.execute(DriverCommandExecutor.java:83)
	at org.openqa.selenium.remote.RemoteWebDriver.execute(RemoteWebDriver.java:548)
	at org.openqa.selenium.remote.RemoteWebElement.execute(RemoteWebElement.java:276)
	at org.openqa.selenium.remote.RemoteWebElement.click(RemoteWebElement.java:83)
	at pages.TaskHome.deleteTask(TaskHome.java:145)
	at com.pingidentity.TestRMLoginUsingTestNG.deleteTaskMethod(TestRMLoginUsingTestNG.java:162)
	at com.pingidentity.TestRMLoginUsingTestNG.testDeleteTaskToTrash(TestRMLoginUsingTestNG.java:108)
	at java.base/jdk.internal.reflect.NativeMethodAccessorImpl.invoke0(Native Method)
	at java.base/jdk.internal.reflect.NativeMethodAccessorImpl.invoke(NativeMethodAccessorImpl.java:62)
	at java.base/jdk.internal.reflect.DelegatingMethodAccessorImpl.invoke(DelegatingMethodAccessorImpl.java:43)
	at java.base/java.lang.reflect.Method.invoke(Method.java:566)
	at org.testng.internal.MethodInvocationHelper.invokeMethod(MethodInvocationHelper.java:108)
	at org.testng.internal.Invoker.invokeMethod(Invoker.java:661)
	at org.testng.internal.Invoker.invokeTestMethod(Invoker.java:869)
	at org.testng.internal.Invoker.invokeTestMethods(Invoker.java:1193)
	at org.testng.internal.TestMethodWorker.invokeTestMethods(TestMethodWorker.java:126)
	at org.testng.internal.TestMethodWorker.run(TestMethodWorker.java:109)
	at org.testng.TestRunner.privateRun(TestRunner.java:744)
	at org.testng.TestRunner.run(TestRunner.java:602)
	at org.testng.SuiteRunner.runTest(SuiteRunner.java:380)
	at org.testng.SuiteRunner.runSequentially(SuiteRunner.java:375)
	at org.testng.SuiteRunner.privateRun(SuiteRunner.java:340)
	at org.testng.SuiteRunner.run(SuiteRunner.java:289)
	at org.testng.SuiteRunnerWorker.runSuite(SuiteRunnerWorker.java:52)
	at org.testng.SuiteRunnerWorker.run(SuiteRunnerWorker.java:86)
	at org.testng.TestNG.runSuitesSequentially(TestNG.java:1301)
	at org.testng.TestNG.runSuitesLocally(TestNG.java:1226)
	at org.testng.TestNG.runSuites(TestNG.java:1144)
	at org.testng.TestNG.run(TestNG.java:1115)
	at org.testng.remote.AbstractRemoteTestNG.run(AbstractRemoteTestNG.java:114)
	at org.testng.remote.RemoteTestNG.initAndRun(RemoteTestNG.java:251)
	at org.testng.remote.RemoteTestNG.main(RemoteTestNG.java:77)
]]>
            </full-stacktrace>
          </exception> <!-- org.openqa.selenium.WebDriverException -->
          <reporter-output>
          </reporter-output>
        </test-method> <!-- testDeleteTaskToTrash -->
        <test-method is-config="true" signature="afterClass()[pri:0, instance:com.pingidentity.TestRMLoginUsingTestNG@c03cf28]" started-at="2019-04-22T21:56:40Z" name="afterClass" finished-at="2019-04-22T21:56:42Z" duration-ms="2178" status="PASS">
          <reporter-output>
          </reporter-output>
        </test-method> <!-- afterClass -->
      </class> <!-- com.pingidentity.TestRMLoginUsingTestNG -->
    </test> <!-- Smoke Test for Remember the Milk App -->
  </suite> <!-- Smoke Test Suite -->
</testng-results>
