<?xml version="1.0" encoding="UTF-8"?>
<!-- Generated by org.testng.reporters.JUnitXMLReporter -->
<testsuite ignored="0" hostname="HeavenOnEarths-MacBook-Air.local" failures="0" tests="5" name="Default test" time="36.804" errors="0" timestamp="20 Apr. 2019 23:22:39 GMT">
  <testcase classname="com.pingidentity.TestTRMLoginUsingTestNG" name="testLoginPageLoaded" time="0.019"/>
  <testcase classname="com.pingidentity.TestTRMLoginUsingTestNG" name="testLoginWithCredentials" time="5.609"/>
  <testcase classname="com.pingidentity.TestTRMLoginUsingTestNG" name="testCreateNewTask" time="11.046"/>
  <testcase classname="com.pingidentity.TestTRMLoginUsingTestNG" name="testUpdateTaskName" time="0.387"/>
  <testcase classname="com.pingidentity.TestTRMLoginUsingTestNG" name="testDeleteTaskToTrash" time="11.599"/>
</testsuite> <!-- Default test -->
